<?xml version="1.0" encoding="UTF-8"?>
<testsuite xmlns:xsi="http://www.w3.org/2001/XMLSchema-instance" xsi:noNamespaceSchemaLocation="https://maven.apache.org/surefire/maven-surefire-plugin/xsd/surefire-test-report-3.0.xsd" version="3.0" name="org.plugin.messagetools.util.ColorUtilTest" time="0.104" tests="7" errors="0" skipped="0" failures="0">
  <properties>
[...]
</properties>
  <testcase name="testGetColorFromCode" classname="org.plugin.messagetools.util.ColorUtilTest" time="0.065"/>
  <testcase name="testIsValidColorCode" classname="org.plugin.messagetools.util.ColorUtilTest" time="0.001"/>
  <testcase name="testComponentToString" classname="org.plugin.messagetools.util.ColorUtilTest" time="0.008"/>
  <testcase name="testHasColorCodes" classname="org.plugin.messagetools.util.ColorUtilTest" time="0.001"/>
  <testcase name="testStripColorCodes" classname="org.plugin.messagetools.util.ColorUtilTest" time="0.001"/>
  <testcase name="testCreateColoredText" classname="org.plugin.messagetools.util.ColorUtilTest" time="0.0"/>
  <testcase name="testParseColorCodes" classname="org.plugin.messagetools.util.ColorUtilTest" time="0.003"/>
</testsuite>